2015-04-07 19:23:18,994 - SimpleLog4JLogSystem initialized using logfile 'velocity.log'
2015-04-07 19:23:18,994 - ************************************************************** 
2015-04-07 19:23:18,994 - Starting Jakarta Velocity v1.4
2015-04-07 19:23:18,994 - RuntimeInstance initializing.
2015-04-07 19:23:18,994 - Default Properties File: org/apache/velocity/runtime/defaults/velocity.properties
2015-04-07 19:23:18,994 - Trying to use logger class org.apache.velocity.runtime.log.SimpleLog4JLogSystem
2015-04-07 19:23:18,994 - Using logger class org.apache.velocity.runtime.log.SimpleLog4JLogSystem
2015-04-07 19:23:18,996 - Default ResourceManager initializing. (class org.apache.velocity.runtime.resource.ResourceManagerImpl)
2015-04-07 19:23:18,997 - Resource Loader Instantiated: org.apache.velocity.runtime.resource.loader.ClasspathResourceLoader
2015-04-07 19:23:18,997 - ClasspathResourceLoader : initialization starting.
2015-04-07 19:23:18,997 - ClasspathResourceLoader : initialization complete.
2015-04-07 19:23:18,998 - ResourceCache : initialized. (class org.apache.velocity.runtime.resource.ResourceCacheImpl)
2015-04-07 19:23:18,998 - Default ResourceManager initialization complete.
2015-04-07 19:23:18,999 - Loaded System Directive: org.apache.velocity.runtime.directive.Literal
2015-04-07 19:23:19,001 - Loaded System Directive: org.apache.velocity.runtime.directive.Macro
2015-04-07 19:23:19,003 - Loaded System Directive: org.apache.velocity.runtime.directive.Parse
2015-04-07 19:23:19,005 - Loaded System Directive: org.apache.velocity.runtime.directive.Include
2015-04-07 19:23:19,005 - Loaded System Directive: org.apache.velocity.runtime.directive.Foreach
2015-04-07 19:23:19,022 - Created: 20 parsers.
2015-04-07 19:23:19,028 - Velocimacro : initialization starting.
2015-04-07 19:23:19,028 - Velocimacro : adding VMs from VM library template : VM_global_library.vm
2015-04-07 19:23:19,032 - ResourceManager : unable to find resource 'VM_global_library.vm' in any resource loader.
2015-04-07 19:23:19,032 - Velocimacro : error using  VM library template VM_global_library.vm : org.apache.velocity.exception.ResourceNotFoundException: Unable to find resource 'VM_global_library.vm'
2015-04-07 19:23:19,032 - Velocimacro :  VM library template macro registration complete.
2015-04-07 19:23:19,032 - Velocimacro : allowInline = true : VMs can be defined inline in templates
2015-04-07 19:23:19,032 - Velocimacro : allowInlineToOverride = false : VMs defined inline may NOT replace previous VM definitions
2015-04-07 19:23:19,032 - Velocimacro : allowInlineLocal = false : VMs defined inline will be  global in scope if allowed.
2015-04-07 19:23:19,032 - Velocimacro : messages on  : VM system will output logging messages
2015-04-07 19:23:19,032 - Velocimacro : autoload off  : VM system will not automatically reload global library macros
2015-04-07 19:23:19,032 - Velocimacro : initialization complete.
2015-04-07 19:23:19,032 - Velocity successfully started.
2015-04-07 19:33:51,827 - ResourceManager : found repast/simphony/scenario/Scenario.vt with loader org.apache.velocity.runtime.resource.loader.ClasspathResourceLoader
2015-04-07 20:33:25,180 - SimpleLog4JLogSystem initialized using logfile 'velocity.log'
2015-04-07 20:33:25,180 - ************************************************************** 
2015-04-07 20:33:25,180 - Starting Jakarta Velocity v1.4
2015-04-07 20:33:25,180 - RuntimeInstance initializing.
2015-04-07 20:33:25,180 - Default Properties File: org/apache/velocity/runtime/defaults/velocity.properties
2015-04-07 20:33:25,180 - Trying to use logger class org.apache.velocity.runtime.log.SimpleLog4JLogSystem
2015-04-07 20:33:25,180 - Using logger class org.apache.velocity.runtime.log.SimpleLog4JLogSystem
2015-04-07 20:33:25,182 - Default ResourceManager initializing. (class org.apache.velocity.runtime.resource.ResourceManagerImpl)
2015-04-07 20:33:25,184 - Resource Loader Instantiated: org.apache.velocity.runtime.resource.loader.ClasspathResourceLoader
2015-04-07 20:33:25,184 - ClasspathResourceLoader : initialization starting.
2015-04-07 20:33:25,184 - ClasspathResourceLoader : initialization complete.
2015-04-07 20:33:25,185 - ResourceCache : initialized. (class org.apache.velocity.runtime.resource.ResourceCacheImpl)
2015-04-07 20:33:25,185 - Default ResourceManager initialization complete.
2015-04-07 20:33:25,186 - Loaded System Directive: org.apache.velocity.runtime.directive.Literal
2015-04-07 20:33:25,188 - Loaded System Directive: org.apache.velocity.runtime.directive.Macro
2015-04-07 20:33:25,191 - Loaded System Directive: org.apache.velocity.runtime.directive.Parse
2015-04-07 20:33:25,192 - Loaded System Directive: org.apache.velocity.runtime.directive.Include
2015-04-07 20:33:25,192 - Loaded System Directive: org.apache.velocity.runtime.directive.Foreach
2015-04-07 20:33:25,210 - Created: 20 parsers.
2015-04-07 20:33:25,216 - Velocimacro : initialization starting.
2015-04-07 20:33:25,216 - Velocimacro : adding VMs from VM library template : VM_global_library.vm
2015-04-07 20:33:25,221 - ResourceManager : unable to find resource 'VM_global_library.vm' in any resource loader.
2015-04-07 20:33:25,221 - Velocimacro : error using  VM library template VM_global_library.vm : org.apache.velocity.exception.ResourceNotFoundException: Unable to find resource 'VM_global_library.vm'
2015-04-07 20:33:25,221 - Velocimacro :  VM library template macro registration complete.
2015-04-07 20:33:25,221 - Velocimacro : allowInline = true : VMs can be defined inline in templates
2015-04-07 20:33:25,221 - Velocimacro : allowInlineToOverride = false : VMs defined inline may NOT replace previous VM definitions
2015-04-07 20:33:25,221 - Velocimacro : allowInlineLocal = false : VMs defined inline will be  global in scope if allowed.
2015-04-07 20:33:25,221 - Velocimacro : messages on  : VM system will output logging messages
2015-04-07 20:33:25,221 - Velocimacro : autoload off  : VM system will not automatically reload global library macros
2015-04-07 20:33:25,221 - Velocimacro : initialization complete.
2015-04-07 20:33:25,221 - Velocity successfully started.
2015-04-07 20:39:41,900 - ResourceManager : found repast/simphony/scenario/Scenario.vt with loader org.apache.velocity.runtime.resource.loader.ClasspathResourceLoader
2015-04-07 20:41:30,983 - SimpleLog4JLogSystem initialized using logfile 'velocity.log'
2015-04-07 20:41:30,983 - ************************************************************** 
2015-04-07 20:41:30,983 - Starting Jakarta Velocity v1.4
2015-04-07 20:41:30,983 - RuntimeInstance initializing.
2015-04-07 20:41:30,983 - Default Properties File: org/apache/velocity/runtime/defaults/velocity.properties
2015-04-07 20:41:30,983 - Trying to use logger class org.apache.velocity.runtime.log.SimpleLog4JLogSystem
2015-04-07 20:41:30,983 - Using logger class org.apache.velocity.runtime.log.SimpleLog4JLogSystem
2015-04-07 20:41:30,985 - Default ResourceManager initializing. (class org.apache.velocity.runtime.resource.ResourceManagerImpl)
2015-04-07 20:41:30,986 - Resource Loader Instantiated: org.apache.velocity.runtime.resource.loader.ClasspathResourceLoader
2015-04-07 20:41:30,987 - ClasspathResourceLoader : initialization starting.
2015-04-07 20:41:30,987 - ClasspathResourceLoader : initialization complete.
2015-04-07 20:41:30,987 - ResourceCache : initialized. (class org.apache.velocity.runtime.resource.ResourceCacheImpl)
2015-04-07 20:41:30,988 - Default ResourceManager initialization complete.
2015-04-07 20:41:30,988 - Loaded System Directive: org.apache.velocity.runtime.directive.Literal
2015-04-07 20:41:30,990 - Loaded System Directive: org.apache.velocity.runtime.directive.Macro
2015-04-07 20:41:30,991 - Loaded System Directive: org.apache.velocity.runtime.directive.Parse
2015-04-07 20:41:30,992 - Loaded System Directive: org.apache.velocity.runtime.directive.Include
2015-04-07 20:41:30,993 - Loaded System Directive: org.apache.velocity.runtime.directive.Foreach
2015-04-07 20:41:31,009 - Created: 20 parsers.
2015-04-07 20:41:31,015 - Velocimacro : initialization starting.
2015-04-07 20:41:31,015 - Velocimacro : adding VMs from VM library template : VM_global_library.vm
2015-04-07 20:41:31,019 - ResourceManager : unable to find resource 'VM_global_library.vm' in any resource loader.
2015-04-07 20:41:31,020 - Velocimacro : error using  VM library template VM_global_library.vm : org.apache.velocity.exception.ResourceNotFoundException: Unable to find resource 'VM_global_library.vm'
2015-04-07 20:41:31,020 - Velocimacro :  VM library template macro registration complete.
2015-04-07 20:41:31,020 - Velocimacro : allowInline = true : VMs can be defined inline in templates
2015-04-07 20:41:31,020 - Velocimacro : allowInlineToOverride = false : VMs defined inline may NOT replace previous VM definitions
2015-04-07 20:41:31,020 - Velocimacro : allowInlineLocal = false : VMs defined inline will be  global in scope if allowed.
2015-04-07 20:41:31,020 - Velocimacro : messages on  : VM system will output logging messages
2015-04-07 20:41:31,020 - Velocimacro : autoload off  : VM system will not automatically reload global library macros
2015-04-07 20:41:31,020 - Velocimacro : initialization complete.
2015-04-07 20:41:31,020 - Velocity successfully started.
2015-04-07 20:45:03,285 - SimpleLog4JLogSystem initialized using logfile 'velocity.log'
2015-04-07 20:45:03,285 - ************************************************************** 
2015-04-07 20:45:03,285 - Starting Jakarta Velocity v1.4
2015-04-07 20:45:03,285 - RuntimeInstance initializing.
2015-04-07 20:45:03,285 - Default Properties File: org/apache/velocity/runtime/defaults/velocity.properties
2015-04-07 20:45:03,285 - Trying to use logger class org.apache.velocity.runtime.log.SimpleLog4JLogSystem
2015-04-07 20:45:03,285 - Using logger class org.apache.velocity.runtime.log.SimpleLog4JLogSystem
2015-04-07 20:45:03,287 - Default ResourceManager initializing. (class org.apache.velocity.runtime.resource.ResourceManagerImpl)
2015-04-07 20:45:03,288 - Resource Loader Instantiated: org.apache.velocity.runtime.resource.loader.ClasspathResourceLoader
2015-04-07 20:45:03,289 - ClasspathResourceLoader : initialization starting.
2015-04-07 20:45:03,289 - ClasspathResourceLoader : initialization complete.
2015-04-07 20:45:03,290 - ResourceCache : initialized. (class org.apache.velocity.runtime.resource.ResourceCacheImpl)
2015-04-07 20:45:03,290 - Default ResourceManager initialization complete.
2015-04-07 20:45:03,291 - Loaded System Directive: org.apache.velocity.runtime.directive.Literal
2015-04-07 20:45:03,292 - Loaded System Directive: org.apache.velocity.runtime.directive.Macro
2015-04-07 20:45:03,293 - Loaded System Directive: org.apache.velocity.runtime.directive.Parse
2015-04-07 20:45:03,294 - Loaded System Directive: org.apache.velocity.runtime.directive.Include
2015-04-07 20:45:03,295 - Loaded System Directive: org.apache.velocity.runtime.directive.Foreach
2015-04-07 20:45:03,312 - Created: 20 parsers.
2015-04-07 20:45:03,317 - Velocimacro : initialization starting.
2015-04-07 20:45:03,317 - Velocimacro : adding VMs from VM library template : VM_global_library.vm
2015-04-07 20:45:03,320 - ResourceManager : unable to find resource 'VM_global_library.vm' in any resource loader.
2015-04-07 20:45:03,320 - Velocimacro : error using  VM library template VM_global_library.vm : org.apache.velocity.exception.ResourceNotFoundException: Unable to find resource 'VM_global_library.vm'
2015-04-07 20:45:03,320 - Velocimacro :  VM library template macro registration complete.
2015-04-07 20:45:03,320 - Velocimacro : allowInline = true : VMs can be defined inline in templates
2015-04-07 20:45:03,320 - Velocimacro : allowInlineToOverride = false : VMs defined inline may NOT replace previous VM definitions
2015-04-07 20:45:03,320 - Velocimacro : allowInlineLocal = false : VMs defined inline will be  global in scope if allowed.
2015-04-07 20:45:03,320 - Velocimacro : messages on  : VM system will output logging messages
2015-04-07 20:45:03,320 - Velocimacro : autoload off  : VM system will not automatically reload global library macros
2015-04-07 20:45:03,320 - Velocimacro : initialization complete.
2015-04-07 20:45:03,320 - Velocity successfully started.
2015-04-07 20:46:44,110 - SimpleLog4JLogSystem initialized using logfile 'velocity.log'
2015-04-07 20:46:44,111 - ************************************************************** 
2015-04-07 20:46:44,111 - Starting Jakarta Velocity v1.4
2015-04-07 20:46:44,111 - RuntimeInstance initializing.
2015-04-07 20:46:44,111 - Default Properties File: org/apache/velocity/runtime/defaults/velocity.properties
2015-04-07 20:46:44,111 - Trying to use logger class org.apache.velocity.runtime.log.SimpleLog4JLogSystem
2015-04-07 20:46:44,111 - Using logger class org.apache.velocity.runtime.log.SimpleLog4JLogSystem
2015-04-07 20:46:44,113 - Default ResourceManager initializing. (class org.apache.velocity.runtime.resource.ResourceManagerImpl)
2015-04-07 20:46:44,114 - Resource Loader Instantiated: org.apache.velocity.runtime.resource.loader.ClasspathResourceLoader
2015-04-07 20:46:44,114 - ClasspathResourceLoader : initialization starting.
2015-04-07 20:46:44,114 - ClasspathResourceLoader : initialization complete.
2015-04-07 20:46:44,115 - ResourceCache : initialized. (class org.apache.velocity.runtime.resource.ResourceCacheImpl)
2015-04-07 20:46:44,115 - Default ResourceManager initialization complete.
2015-04-07 20:46:44,116 - Loaded System Directive: org.apache.velocity.runtime.directive.Literal
2015-04-07 20:46:44,117 - Loaded System Directive: org.apache.velocity.runtime.directive.Macro
2015-04-07 20:46:44,119 - Loaded System Directive: org.apache.velocity.runtime.directive.Parse
2015-04-07 20:46:44,120 - Loaded System Directive: org.apache.velocity.runtime.directive.Include
2015-04-07 20:46:44,121 - Loaded System Directive: org.apache.velocity.runtime.directive.Foreach
2015-04-07 20:46:44,138 - Created: 20 parsers.
2015-04-07 20:46:44,142 - Velocimacro : initialization starting.
2015-04-07 20:46:44,142 - Velocimacro : adding VMs from VM library template : VM_global_library.vm
2015-04-07 20:46:44,145 - ResourceManager : unable to find resource 'VM_global_library.vm' in any resource loader.
2015-04-07 20:46:44,145 - Velocimacro : error using  VM library template VM_global_library.vm : org.apache.velocity.exception.ResourceNotFoundException: Unable to find resource 'VM_global_library.vm'
2015-04-07 20:46:44,145 - Velocimacro :  VM library template macro registration complete.
2015-04-07 20:46:44,145 - Velocimacro : allowInline = true : VMs can be defined inline in templates
2015-04-07 20:46:44,145 - Velocimacro : allowInlineToOverride = false : VMs defined inline may NOT replace previous VM definitions
2015-04-07 20:46:44,145 - Velocimacro : allowInlineLocal = false : VMs defined inline will be  global in scope if allowed.
2015-04-07 20:46:44,145 - Velocimacro : messages on  : VM system will output logging messages
2015-04-07 20:46:44,145 - Velocimacro : autoload off  : VM system will not automatically reload global library macros
2015-04-07 20:46:44,145 - Velocimacro : initialization complete.
2015-04-07 20:46:44,145 - Velocity successfully started.
2015-04-07 20:48:31,570 - SimpleLog4JLogSystem initialized using logfile 'velocity.log'
2015-04-07 20:48:31,571 - ************************************************************** 
2015-04-07 20:48:31,571 - Starting Jakarta Velocity v1.4
2015-04-07 20:48:31,571 - RuntimeInstance initializing.
2015-04-07 20:48:31,571 - Default Properties File: org/apache/velocity/runtime/defaults/velocity.properties
2015-04-07 20:48:31,571 - Trying to use logger class org.apache.velocity.runtime.log.SimpleLog4JLogSystem
2015-04-07 20:48:31,571 - Using logger class org.apache.velocity.runtime.log.SimpleLog4JLogSystem
2015-04-07 20:48:31,573 - Default ResourceManager initializing. (class org.apache.velocity.runtime.resource.ResourceManagerImpl)
2015-04-07 20:48:31,574 - Resource Loader Instantiated: org.apache.velocity.runtime.resource.loader.ClasspathResourceLoader
2015-04-07 20:48:31,574 - ClasspathResourceLoader : initialization starting.
2015-04-07 20:48:31,574 - ClasspathResourceLoader : initialization complete.
2015-04-07 20:48:31,575 - ResourceCache : initialized. (class org.apache.velocity.runtime.resource.ResourceCacheImpl)
2015-04-07 20:48:31,575 - Default ResourceManager initialization complete.
2015-04-07 20:48:31,576 - Loaded System Directive: org.apache.velocity.runtime.directive.Literal
2015-04-07 20:48:31,577 - Loaded System Directive: org.apache.velocity.runtime.directive.Macro
2015-04-07 20:48:31,579 - Loaded System Directive: org.apache.velocity.runtime.directive.Parse
2015-04-07 20:48:31,580 - Loaded System Directive: org.apache.velocity.runtime.directive.Include
2015-04-07 20:48:31,581 - Loaded System Directive: org.apache.velocity.runtime.directive.Foreach
2015-04-07 20:48:31,597 - Created: 20 parsers.
2015-04-07 20:48:31,603 - Velocimacro : initialization starting.
2015-04-07 20:48:31,603 - Velocimacro : adding VMs from VM library template : VM_global_library.vm
2015-04-07 20:48:31,607 - ResourceManager : unable to find resource 'VM_global_library.vm' in any resource loader.
2015-04-07 20:48:31,607 - Velocimacro : error using  VM library template VM_global_library.vm : org.apache.velocity.exception.ResourceNotFoundException: Unable to find resource 'VM_global_library.vm'
2015-04-07 20:48:31,607 - Velocimacro :  VM library template macro registration complete.
2015-04-07 20:48:31,607 - Velocimacro : allowInline = true : VMs can be defined inline in templates
2015-04-07 20:48:31,607 - Velocimacro : allowInlineToOverride = false : VMs defined inline may NOT replace previous VM definitions
2015-04-07 20:48:31,607 - Velocimacro : allowInlineLocal = false : VMs defined inline will be  global in scope if allowed.
2015-04-07 20:48:31,607 - Velocimacro : messages on  : VM system will output logging messages
2015-04-07 20:48:31,607 - Velocimacro : autoload off  : VM system will not automatically reload global library macros
2015-04-07 20:48:31,608 - Velocimacro : initialization complete.
2015-04-07 20:48:31,608 - Velocity successfully started.
2015-04-07 20:50:29,661 - SimpleLog4JLogSystem initialized using logfile 'velocity.log'
2015-04-07 20:50:29,661 - ************************************************************** 
2015-04-07 20:50:29,662 - Starting Jakarta Velocity v1.4
2015-04-07 20:50:29,662 - RuntimeInstance initializing.
2015-04-07 20:50:29,662 - Default Properties File: org/apache/velocity/runtime/defaults/velocity.properties
2015-04-07 20:50:29,662 - Trying to use logger class org.apache.velocity.runtime.log.SimpleLog4JLogSystem
2015-04-07 20:50:29,662 - Using logger class org.apache.velocity.runtime.log.SimpleLog4JLogSystem
2015-04-07 20:50:29,665 - Default ResourceManager initializing. (class org.apache.velocity.runtime.resource.ResourceManagerImpl)
2015-04-07 20:50:29,670 - Resource Loader Instantiated: org.apache.velocity.runtime.resource.loader.ClasspathResourceLoader
2015-04-07 20:50:29,670 - ClasspathResourceLoader : initialization starting.
2015-04-07 20:50:29,670 - ClasspathResourceLoader : initialization complete.
2015-04-07 20:50:29,671 - ResourceCache : initialized. (class org.apache.velocity.runtime.resource.ResourceCacheImpl)
2015-04-07 20:50:29,671 - Default ResourceManager initialization complete.
2015-04-07 20:50:29,672 - Loaded System Directive: org.apache.velocity.runtime.directive.Literal
2015-04-07 20:50:29,673 - Loaded System Directive: org.apache.velocity.runtime.directive.Macro
2015-04-07 20:50:29,675 - Loaded System Directive: org.apache.velocity.runtime.directive.Parse
2015-04-07 20:50:29,676 - Loaded System Directive: org.apache.velocity.runtime.directive.Include
2015-04-07 20:50:29,677 - Loaded System Directive: org.apache.velocity.runtime.directive.Foreach
2015-04-07 20:50:29,694 - Created: 20 parsers.
2015-04-07 20:50:29,700 - Velocimacro : initialization starting.
2015-04-07 20:50:29,700 - Velocimacro : adding VMs from VM library template : VM_global_library.vm
2015-04-07 20:50:29,705 - ResourceManager : unable to find resource 'VM_global_library.vm' in any resource loader.
2015-04-07 20:50:29,705 - Velocimacro : error using  VM library template VM_global_library.vm : org.apache.velocity.exception.ResourceNotFoundException: Unable to find resource 'VM_global_library.vm'
2015-04-07 20:50:29,705 - Velocimacro :  VM library template macro registration complete.
2015-04-07 20:50:29,705 - Velocimacro : allowInline = true : VMs can be defined inline in templates
2015-04-07 20:50:29,705 - Velocimacro : allowInlineToOverride = false : VMs defined inline may NOT replace previous VM definitions
2015-04-07 20:50:29,705 - Velocimacro : allowInlineLocal = false : VMs defined inline will be  global in scope if allowed.
2015-04-07 20:50:29,705 - Velocimacro : messages on  : VM system will output logging messages
2015-04-07 20:50:29,705 - Velocimacro : autoload off  : VM system will not automatically reload global library macros
2015-04-07 20:50:29,705 - Velocimacro : initialization complete.
2015-04-07 20:50:29,705 - Velocity successfully started.
2015-04-07 20:54:20,568 - SimpleLog4JLogSystem initialized using logfile 'velocity.log'
2015-04-07 20:54:20,568 - ************************************************************** 
2015-04-07 20:54:20,568 - Starting Jakarta Velocity v1.4
2015-04-07 20:54:20,568 - RuntimeInstance initializing.
2015-04-07 20:54:20,568 - Default Properties File: org/apache/velocity/runtime/defaults/velocity.properties
2015-04-07 20:54:20,568 - Trying to use logger class org.apache.velocity.runtime.log.SimpleLog4JLogSystem
2015-04-07 20:54:20,568 - Using logger class org.apache.velocity.runtime.log.SimpleLog4JLogSystem
2015-04-07 20:54:20,570 - Default ResourceManager initializing. (class org.apache.velocity.runtime.resource.ResourceManagerImpl)
2015-04-07 20:54:20,572 - Resource Loader Instantiated: org.apache.velocity.runtime.resource.loader.ClasspathResourceLoader
2015-04-07 20:54:20,572 - ClasspathResourceLoader : initialization starting.
2015-04-07 20:54:20,572 - ClasspathResourceLoader : initialization complete.
2015-04-07 20:54:20,573 - ResourceCache : initialized. (class org.apache.velocity.runtime.resource.ResourceCacheImpl)
2015-04-07 20:54:20,573 - Default ResourceManager initialization complete.
2015-04-07 20:54:20,574 - Loaded System Directive: org.apache.velocity.runtime.directive.Literal
2015-04-07 20:54:20,575 - Loaded System Directive: org.apache.velocity.runtime.directive.Macro
2015-04-07 20:54:20,577 - Loaded System Directive: org.apache.velocity.runtime.directive.Parse
2015-04-07 20:54:20,578 - Loaded System Directive: org.apache.velocity.runtime.directive.Include
2015-04-07 20:54:20,579 - Loaded System Directive: org.apache.velocity.runtime.directive.Foreach
2015-04-07 20:54:20,596 - Created: 20 parsers.
2015-04-07 20:54:20,601 - Velocimacro : initialization starting.
2015-04-07 20:54:20,601 - Velocimacro : adding VMs from VM library template : VM_global_library.vm
2015-04-07 20:54:20,604 - ResourceManager : unable to find resource 'VM_global_library.vm' in any resource loader.
2015-04-07 20:54:20,604 - Velocimacro : error using  VM library template VM_global_library.vm : org.apache.velocity.exception.ResourceNotFoundException: Unable to find resource 'VM_global_library.vm'
2015-04-07 20:54:20,604 - Velocimacro :  VM library template macro registration complete.
2015-04-07 20:54:20,604 - Velocimacro : allowInline = true : VMs can be defined inline in templates
2015-04-07 20:54:20,604 - Velocimacro : allowInlineToOverride = false : VMs defined inline may NOT replace previous VM definitions
2015-04-07 20:54:20,604 - Velocimacro : allowInlineLocal = false : VMs defined inline will be  global in scope if allowed.
2015-04-07 20:54:20,604 - Velocimacro : messages on  : VM system will output logging messages
2015-04-07 20:54:20,604 - Velocimacro : autoload off  : VM system will not automatically reload global library macros
2015-04-07 20:54:20,604 - Velocimacro : initialization complete.
2015-04-07 20:54:20,604 - Velocity successfully started.
2015-04-07 20:56:57,500 - SimpleLog4JLogSystem initialized using logfile 'velocity.log'
2015-04-07 20:56:57,500 - ************************************************************** 
2015-04-07 20:56:57,502 - Starting Jakarta Velocity v1.4
2015-04-07 20:56:57,502 - RuntimeInstance initializing.
2015-04-07 20:56:57,502 - Default Properties File: org/apache/velocity/runtime/defaults/velocity.properties
2015-04-07 20:56:57,502 - Trying to use logger class org.apache.velocity.runtime.log.SimpleLog4JLogSystem
2015-04-07 20:56:57,502 - Using logger class org.apache.velocity.runtime.log.SimpleLog4JLogSystem
2015-04-07 20:56:57,510 - Default ResourceManager initializing. (class org.apache.velocity.runtime.resource.ResourceManagerImpl)
2015-04-07 20:56:57,512 - Resource Loader Instantiated: org.apache.velocity.runtime.resource.loader.ClasspathResourceLoader
2015-04-07 20:56:57,512 - ClasspathResourceLoader : initialization starting.
2015-04-07 20:56:57,512 - ClasspathResourceLoader : initialization complete.
2015-04-07 20:56:57,513 - ResourceCache : initialized. (class org.apache.velocity.runtime.resource.ResourceCacheImpl)
2015-04-07 20:56:57,513 - Default ResourceManager initialization complete.
2015-04-07 20:56:57,514 - Loaded System Directive: org.apache.velocity.runtime.directive.Literal
2015-04-07 20:56:57,515 - Loaded System Directive: org.apache.velocity.runtime.directive.Macro
2015-04-07 20:56:57,516 - Loaded System Directive: org.apache.velocity.runtime.directive.Parse
2015-04-07 20:56:57,517 - Loaded System Directive: org.apache.velocity.runtime.directive.Include
2015-04-07 20:56:57,518 - Loaded System Directive: org.apache.velocity.runtime.directive.Foreach
2015-04-07 20:56:57,535 - Created: 20 parsers.
2015-04-07 20:56:57,539 - Velocimacro : initialization starting.
2015-04-07 20:56:57,539 - Velocimacro : adding VMs from VM library template : VM_global_library.vm
2015-04-07 20:56:57,542 - ResourceManager : unable to find resource 'VM_global_library.vm' in any resource loader.
2015-04-07 20:56:57,542 - Velocimacro : error using  VM library template VM_global_library.vm : org.apache.velocity.exception.ResourceNotFoundException: Unable to find resource 'VM_global_library.vm'
2015-04-07 20:56:57,542 - Velocimacro :  VM library template macro registration complete.
2015-04-07 20:56:57,542 - Velocimacro : allowInline = true : VMs can be defined inline in templates
2015-04-07 20:56:57,542 - Velocimacro : allowInlineToOverride = false : VMs defined inline may NOT replace previous VM definitions
2015-04-07 20:56:57,542 - Velocimacro : allowInlineLocal = false : VMs defined inline will be  global in scope if allowed.
2015-04-07 20:56:57,542 - Velocimacro : messages on  : VM system will output logging messages
2015-04-07 20:56:57,542 - Velocimacro : autoload off  : VM system will not automatically reload global library macros
2015-04-07 20:56:57,542 - Velocimacro : initialization complete.
2015-04-07 20:56:57,542 - Velocity successfully started.
2015-04-07 21:05:55,229 - ResourceManager : found repast/simphony/scenario/Scenario.vt with loader org.apache.velocity.runtime.resource.loader.ClasspathResourceLoader
2015-04-07 21:06:08,747 - SimpleLog4JLogSystem initialized using logfile 'velocity.log'
2015-04-07 21:06:08,748 - ************************************************************** 
2015-04-07 21:06:08,748 - Starting Jakarta Velocity v1.4
2015-04-07 21:06:08,748 - RuntimeInstance initializing.
2015-04-07 21:06:08,748 - Default Properties File: org/apache/velocity/runtime/defaults/velocity.properties
2015-04-07 21:06:08,748 - Trying to use logger class org.apache.velocity.runtime.log.SimpleLog4JLogSystem
2015-04-07 21:06:08,748 - Using logger class org.apache.velocity.runtime.log.SimpleLog4JLogSystem
2015-04-07 21:06:08,750 - Default ResourceManager initializing. (class org.apache.velocity.runtime.resource.ResourceManagerImpl)
2015-04-07 21:06:08,751 - Resource Loader Instantiated: org.apache.velocity.runtime.resource.loader.ClasspathResourceLoader
2015-04-07 21:06:08,751 - ClasspathResourceLoader : initialization starting.
2015-04-07 21:06:08,751 - ClasspathResourceLoader : initialization complete.
2015-04-07 21:06:08,752 - ResourceCache : initialized. (class org.apache.velocity.runtime.resource.ResourceCacheImpl)
2015-04-07 21:06:08,752 - Default ResourceManager initialization complete.
2015-04-07 21:06:08,753 - Loaded System Directive: org.apache.velocity.runtime.directive.Literal
2015-04-07 21:06:08,754 - Loaded System Directive: org.apache.velocity.runtime.directive.Macro
2015-04-07 21:06:08,756 - Loaded System Directive: org.apache.velocity.runtime.directive.Parse
2015-04-07 21:06:08,757 - Loaded System Directive: org.apache.velocity.runtime.directive.Include
2015-04-07 21:06:08,758 - Loaded System Directive: org.apache.velocity.runtime.directive.Foreach
2015-04-07 21:06:08,775 - Created: 20 parsers.
2015-04-07 21:06:08,780 - Velocimacro : initialization starting.
2015-04-07 21:06:08,780 - Velocimacro : adding VMs from VM library template : VM_global_library.vm
2015-04-07 21:06:08,783 - ResourceManager : unable to find resource 'VM_global_library.vm' in any resource loader.
2015-04-07 21:06:08,783 - Velocimacro : error using  VM library template VM_global_library.vm : org.apache.velocity.exception.ResourceNotFoundException: Unable to find resource 'VM_global_library.vm'
2015-04-07 21:06:08,783 - Velocimacro :  VM library template macro registration complete.
2015-04-07 21:06:08,783 - Velocimacro : allowInline = true : VMs can be defined inline in templates
2015-04-07 21:06:08,783 - Velocimacro : allowInlineToOverride = false : VMs defined inline may NOT replace previous VM definitions
2015-04-07 21:06:08,783 - Velocimacro : allowInlineLocal = false : VMs defined inline will be  global in scope if allowed.
2015-04-07 21:06:08,783 - Velocimacro : messages on  : VM system will output logging messages
2015-04-07 21:06:08,783 - Velocimacro : autoload off  : VM system will not automatically reload global library macros
2015-04-07 21:06:08,783 - Velocimacro : initialization complete.
2015-04-07 21:06:08,783 - Velocity successfully started.
2015-04-07 21:21:15,476 - SimpleLog4JLogSystem initialized using logfile 'velocity.log'
2015-04-07 21:21:15,476 - ************************************************************** 
2015-04-07 21:21:15,476 - Starting Jakarta Velocity v1.4
2015-04-07 21:21:15,476 - RuntimeInstance initializing.
2015-04-07 21:21:15,476 - Default Properties File: org/apache/velocity/runtime/defaults/velocity.properties
2015-04-07 21:21:15,476 - Trying to use logger class org.apache.velocity.runtime.log.SimpleLog4JLogSystem
2015-04-07 21:21:15,476 - Using logger class org.apache.velocity.runtime.log.SimpleLog4JLogSystem
2015-04-07 21:21:15,478 - Default ResourceManager initializing. (class org.apache.velocity.runtime.resource.ResourceManagerImpl)
2015-04-07 21:21:15,480 - Resource Loader Instantiated: org.apache.velocity.runtime.resource.loader.ClasspathResourceLoader
2015-04-07 21:21:15,480 - ClasspathResourceLoader : initialization starting.
2015-04-07 21:21:15,480 - ClasspathResourceLoader : initialization complete.
2015-04-07 21:21:15,481 - ResourceCache : initialized. (class org.apache.velocity.runtime.resource.ResourceCacheImpl)
2015-04-07 21:21:15,481 - Default ResourceManager initialization complete.
2015-04-07 21:21:15,482 - Loaded System Directive: org.apache.velocity.runtime.directive.Literal
2015-04-07 21:21:15,484 - Loaded System Directive: org.apache.velocity.runtime.directive.Macro
2015-04-07 21:21:15,486 - Loaded System Directive: org.apache.velocity.runtime.directive.Parse
2015-04-07 21:21:15,487 - Loaded System Directive: org.apache.velocity.runtime.directive.Include
2015-04-07 21:21:15,488 - Loaded System Directive: org.apache.velocity.runtime.directive.Foreach
2015-04-07 21:21:15,506 - Created: 20 parsers.
2015-04-07 21:21:15,512 - Velocimacro : initialization starting.
2015-04-07 21:21:15,512 - Velocimacro : adding VMs from VM library template : VM_global_library.vm
2015-04-07 21:21:15,516 - ResourceManager : unable to find resource 'VM_global_library.vm' in any resource loader.
2015-04-07 21:21:15,517 - Velocimacro : error using  VM library template VM_global_library.vm : org.apache.velocity.exception.ResourceNotFoundException: Unable to find resource 'VM_global_library.vm'
2015-04-07 21:21:15,517 - Velocimacro :  VM library template macro registration complete.
2015-04-07 21:21:15,517 - Velocimacro : allowInline = true : VMs can be defined inline in templates
2015-04-07 21:21:15,517 - Velocimacro : allowInlineToOverride = false : VMs defined inline may NOT replace previous VM definitions
2015-04-07 21:21:15,517 - Velocimacro : allowInlineLocal = false : VMs defined inline will be  global in scope if allowed.
2015-04-07 21:21:15,517 - Velocimacro : messages on  : VM system will output logging messages
2015-04-07 21:21:15,517 - Velocimacro : autoload off  : VM system will not automatically reload global library macros
2015-04-07 21:21:15,517 - Velocimacro : initialization complete.
2015-04-07 21:21:15,517 - Velocity successfully started.
2015-04-07 21:36:50,616 - ResourceManager : found repast/simphony/scenario/Scenario.vt with loader org.apache.velocity.runtime.resource.loader.ClasspathResourceLoader
2015-04-07 21:39:21,136 - ResourceManager : found repast/simphony/scenario/Scenario.vt with loader org.apache.velocity.runtime.resource.loader.ClasspathResourceLoader
2015-04-07 21:40:23,461 - ResourceManager : found repast/simphony/scenario/Scenario.vt with loader org.apache.velocity.runtime.resource.loader.ClasspathResourceLoader
2015-04-07 21:44:29,065 - ResourceManager : found repast/simphony/scenario/Scenario.vt with loader org.apache.velocity.runtime.resource.loader.ClasspathResourceLoader
2015-04-07 21:44:47,653 - ResourceManager : found repast/simphony/scenario/Scenario.vt with loader org.apache.velocity.runtime.resource.loader.ClasspathResourceLoader
2015-04-07 21:44:56,688 - SimpleLog4JLogSystem initialized using logfile 'velocity.log'
2015-04-07 21:44:56,689 - ************************************************************** 
2015-04-07 21:44:56,689 - Starting Jakarta Velocity v1.4
2015-04-07 21:44:56,689 - RuntimeInstance initializing.
2015-04-07 21:44:56,689 - Default Properties File: org/apache/velocity/runtime/defaults/velocity.properties
2015-04-07 21:44:56,689 - Trying to use logger class org.apache.velocity.runtime.log.SimpleLog4JLogSystem
2015-04-07 21:44:56,689 - Using logger class org.apache.velocity.runtime.log.SimpleLog4JLogSystem
2015-04-07 21:44:56,690 - Default ResourceManager initializing. (class org.apache.velocity.runtime.resource.ResourceManagerImpl)
2015-04-07 21:44:56,692 - Resource Loader Instantiated: org.apache.velocity.runtime.resource.loader.ClasspathResourceLoader
2015-04-07 21:44:56,692 - ClasspathResourceLoader : initialization starting.
2015-04-07 21:44:56,692 - ClasspathResourceLoader : initialization complete.
2015-04-07 21:44:56,693 - ResourceCache : initialized. (class org.apache.velocity.runtime.resource.ResourceCacheImpl)
2015-04-07 21:44:56,693 - Default ResourceManager initialization complete.
2015-04-07 21:44:56,694 - Loaded System Directive: org.apache.velocity.runtime.directive.Literal
2015-04-07 21:44:56,696 - Loaded System Directive: org.apache.velocity.runtime.directive.Macro
2015-04-07 21:44:56,698 - Loaded System Directive: org.apache.velocity.runtime.directive.Parse
2015-04-07 21:44:56,699 - Loaded System Directive: org.apache.velocity.runtime.directive.Include
2015-04-07 21:44:56,700 - Loaded System Directive: org.apache.velocity.runtime.directive.Foreach
2015-04-07 21:44:56,717 - Created: 20 parsers.
2015-04-07 21:44:56,722 - Velocimacro : initialization starting.
2015-04-07 21:44:56,723 - Velocimacro : adding VMs from VM library template : VM_global_library.vm
2015-04-07 21:44:56,727 - ResourceManager : unable to find resource 'VM_global_library.vm' in any resource loader.
2015-04-07 21:44:56,727 - Velocimacro : error using  VM library template VM_global_library.vm : org.apache.velocity.exception.ResourceNotFoundException: Unable to find resource 'VM_global_library.vm'
2015-04-07 21:44:56,727 - Velocimacro :  VM library template macro registration complete.
2015-04-07 21:44:56,727 - Velocimacro : allowInline = true : VMs can be defined inline in templates
2015-04-07 21:44:56,727 - Velocimacro : allowInlineToOverride = false : VMs defined inline may NOT replace previous VM definitions
2015-04-07 21:44:56,727 - Velocimacro : allowInlineLocal = false : VMs defined inline will be  global in scope if allowed.
2015-04-07 21:44:56,727 - Velocimacro : messages on  : VM system will output logging messages
2015-04-07 21:44:56,727 - Velocimacro : autoload off  : VM system will not automatically reload global library macros
2015-04-07 21:44:56,727 - Velocimacro : initialization complete.
2015-04-07 21:44:56,727 - Velocity successfully started.
2015-04-07 21:52:47,831 - SimpleLog4JLogSystem initialized using logfile 'velocity.log'
2015-04-07 21:52:47,831 - ************************************************************** 
2015-04-07 21:52:47,831 - Starting Jakarta Velocity v1.4
2015-04-07 21:52:47,831 - RuntimeInstance initializing.
2015-04-07 21:52:47,831 - Default Properties File: org/apache/velocity/runtime/defaults/velocity.properties
2015-04-07 21:52:47,831 - Trying to use logger class org.apache.velocity.runtime.log.SimpleLog4JLogSystem
2015-04-07 21:52:47,831 - Using logger class org.apache.velocity.runtime.log.SimpleLog4JLogSystem
2015-04-07 21:52:47,833 - Default ResourceManager initializing. (class org.apache.velocity.runtime.resource.ResourceManagerImpl)
2015-04-07 21:52:47,835 - Resource Loader Instantiated: org.apache.velocity.runtime.resource.loader.ClasspathResourceLoader
2015-04-07 21:52:47,835 - ClasspathResourceLoader : initialization starting.
2015-04-07 21:52:47,835 - ClasspathResourceLoader : initialization complete.
2015-04-07 21:52:47,836 - ResourceCache : initialized. (class org.apache.velocity.runtime.resource.ResourceCacheImpl)
2015-04-07 21:52:47,836 - Default ResourceManager initialization complete.
2015-04-07 21:52:47,837 - Loaded System Directive: org.apache.velocity.runtime.directive.Literal
2015-04-07 21:52:47,838 - Loaded System Directive: org.apache.velocity.runtime.directive.Macro
2015-04-07 21:52:47,840 - Loaded System Directive: org.apache.velocity.runtime.directive.Parse
2015-04-07 21:52:47,841 - Loaded System Directive: org.apache.velocity.runtime.directive.Include
2015-04-07 21:52:47,842 - Loaded System Directive: org.apache.velocity.runtime.directive.Foreach
2015-04-07 21:52:47,859 - Created: 20 parsers.
2015-04-07 21:52:47,864 - Velocimacro : initialization starting.
2015-04-07 21:52:47,864 - Velocimacro : adding VMs from VM library template : VM_global_library.vm
2015-04-07 21:52:47,867 - ResourceManager : unable to find resource 'VM_global_library.vm' in any resource loader.
2015-04-07 21:52:47,867 - Velocimacro : error using  VM library template VM_global_library.vm : org.apache.velocity.exception.ResourceNotFoundException: Unable to find resource 'VM_global_library.vm'
2015-04-07 21:52:47,867 - Velocimacro :  VM library template macro registration complete.
2015-04-07 21:52:47,867 - Velocimacro : allowInline = true : VMs can be defined inline in templates
2015-04-07 21:52:47,867 - Velocimacro : allowInlineToOverride = false : VMs defined inline may NOT replace previous VM definitions
2015-04-07 21:52:47,867 - Velocimacro : allowInlineLocal = false : VMs defined inline will be  global in scope if allowed.
2015-04-07 21:52:47,867 - Velocimacro : messages on  : VM system will output logging messages
2015-04-07 21:52:47,867 - Velocimacro : autoload off  : VM system will not automatically reload global library macros
2015-04-07 21:52:47,867 - Velocimacro : initialization complete.
2015-04-07 21:52:47,867 - Velocity successfully started.
2015-04-07 21:57:02,542 - SimpleLog4JLogSystem initialized using logfile 'velocity.log'
2015-04-07 21:57:02,542 - ************************************************************** 
2015-04-07 21:57:02,542 - Starting Jakarta Velocity v1.4
2015-04-07 21:57:02,542 - RuntimeInstance initializing.
2015-04-07 21:57:02,542 - Default Properties File: org/apache/velocity/runtime/defaults/velocity.properties
2015-04-07 21:57:02,542 - Trying to use logger class org.apache.velocity.runtime.log.SimpleLog4JLogSystem
2015-04-07 21:57:02,542 - Using logger class org.apache.velocity.runtime.log.SimpleLog4JLogSystem
2015-04-07 21:57:02,544 - Default ResourceManager initializing. (class org.apache.velocity.runtime.resource.ResourceManagerImpl)
2015-04-07 21:57:02,546 - Resource Loader Instantiated: org.apache.velocity.runtime.resource.loader.ClasspathResourceLoader
2015-04-07 21:57:02,546 - ClasspathResourceLoader : initialization starting.
2015-04-07 21:57:02,546 - ClasspathResourceLoader : initialization complete.
2015-04-07 21:57:02,547 - ResourceCache : initialized. (class org.apache.velocity.runtime.resource.ResourceCacheImpl)
2015-04-07 21:57:02,547 - Default ResourceManager initialization complete.
2015-04-07 21:57:02,548 - Loaded System Directive: org.apache.velocity.runtime.directive.Literal
2015-04-07 21:57:02,549 - Loaded System Directive: org.apache.velocity.runtime.directive.Macro
2015-04-07 21:57:02,551 - Loaded System Directive: org.apache.velocity.runtime.directive.Parse
2015-04-07 21:57:02,552 - Loaded System Directive: org.apache.velocity.runtime.directive.Include
2015-04-07 21:57:02,553 - Loaded System Directive: org.apache.velocity.runtime.directive.Foreach
2015-04-07 21:57:02,570 - Created: 20 parsers.
2015-04-07 21:57:02,575 - Velocimacro : initialization starting.
2015-04-07 21:57:02,575 - Velocimacro : adding VMs from VM library template : VM_global_library.vm
2015-04-07 21:57:02,578 - ResourceManager : unable to find resource 'VM_global_library.vm' in any resource loader.
2015-04-07 21:57:02,578 - Velocimacro : error using  VM library template VM_global_library.vm : org.apache.velocity.exception.ResourceNotFoundException: Unable to find resource 'VM_global_library.vm'
2015-04-07 21:57:02,578 - Velocimacro :  VM library template macro registration complete.
2015-04-07 21:57:02,578 - Velocimacro : allowInline = true : VMs can be defined inline in templates
2015-04-07 21:57:02,578 - Velocimacro : allowInlineToOverride = false : VMs defined inline may NOT replace previous VM definitions
2015-04-07 21:57:02,578 - Velocimacro : allowInlineLocal = false : VMs defined inline will be  global in scope if allowed.
2015-04-07 21:57:02,578 - Velocimacro : messages on  : VM system will output logging messages
2015-04-07 21:57:02,578 - Velocimacro : autoload off  : VM system will not automatically reload global library macros
2015-04-07 21:57:02,578 - Velocimacro : initialization complete.
2015-04-07 21:57:02,578 - Velocity successfully started.
2015-04-07 22:12:25,800 - SimpleLog4JLogSystem initialized using logfile 'velocity.log'
2015-04-07 22:12:25,800 - ************************************************************** 
2015-04-07 22:12:25,800 - Starting Jakarta Velocity v1.4
2015-04-07 22:12:25,800 - RuntimeInstance initializing.
2015-04-07 22:12:25,800 - Default Properties File: org/apache/velocity/runtime/defaults/velocity.properties
2015-04-07 22:12:25,800 - Trying to use logger class org.apache.velocity.runtime.log.SimpleLog4JLogSystem
2015-04-07 22:12:25,800 - Using logger class org.apache.velocity.runtime.log.SimpleLog4JLogSystem
2015-04-07 22:12:25,802 - Default ResourceManager initializing. (class org.apache.velocity.runtime.resource.ResourceManagerImpl)
2015-04-07 22:12:25,804 - Resource Loader Instantiated: org.apache.velocity.runtime.resource.loader.ClasspathResourceLoader
2015-04-07 22:12:25,804 - ClasspathResourceLoader : initialization starting.
2015-04-07 22:12:25,804 - ClasspathResourceLoader : initialization complete.
2015-04-07 22:12:25,805 - ResourceCache : initialized. (class org.apache.velocity.runtime.resource.ResourceCacheImpl)
2015-04-07 22:12:25,805 - Default ResourceManager initialization complete.
2015-04-07 22:12:25,806 - Loaded System Directive: org.apache.velocity.runtime.directive.Literal
2015-04-07 22:12:25,807 - Loaded System Directive: org.apache.velocity.runtime.directive.Macro
2015-04-07 22:12:25,809 - Loaded System Directive: org.apache.velocity.runtime.directive.Parse
2015-04-07 22:12:25,810 - Loaded System Directive: org.apache.velocity.runtime.directive.Include
2015-04-07 22:12:25,811 - Loaded System Directive: org.apache.velocity.runtime.directive.Foreach
2015-04-07 22:12:25,828 - Created: 20 parsers.
2015-04-07 22:12:25,834 - Velocimacro : initialization starting.
2015-04-07 22:12:25,834 - Velocimacro : adding VMs from VM library template : VM_global_library.vm
2015-04-07 22:12:25,839 - ResourceManager : unable to find resource 'VM_global_library.vm' in any resource loader.
2015-04-07 22:12:25,839 - Velocimacro : error using  VM library template VM_global_library.vm : org.apache.velocity.exception.ResourceNotFoundException: Unable to find resource 'VM_global_library.vm'
2015-04-07 22:12:25,839 - Velocimacro :  VM library template macro registration complete.
2015-04-07 22:12:25,839 - Velocimacro : allowInline = true : VMs can be defined inline in templates
2015-04-07 22:12:25,839 - Velocimacro : allowInlineToOverride = false : VMs defined inline may NOT replace previous VM definitions
2015-04-07 22:12:25,839 - Velocimacro : allowInlineLocal = false : VMs defined inline will be  global in scope if allowed.
2015-04-07 22:12:25,839 - Velocimacro : messages on  : VM system will output logging messages
2015-04-07 22:12:25,839 - Velocimacro : autoload off  : VM system will not automatically reload global library macros
2015-04-07 22:12:25,839 - Velocimacro : initialization complete.
2015-04-07 22:12:25,840 - Velocity successfully started.
2015-04-07 22:41:03,445 - SimpleLog4JLogSystem initialized using logfile 'velocity.log'
2015-04-07 22:41:03,446 - ************************************************************** 
2015-04-07 22:41:03,446 - Starting Jakarta Velocity v1.4
2015-04-07 22:41:03,446 - RuntimeInstance initializing.
2015-04-07 22:41:03,446 - Default Properties File: org/apache/velocity/runtime/defaults/velocity.properties
2015-04-07 22:41:03,446 - Trying to use logger class org.apache.velocity.runtime.log.SimpleLog4JLogSystem
2015-04-07 22:41:03,446 - Using logger class org.apache.velocity.runtime.log.SimpleLog4JLogSystem
2015-04-07 22:41:03,448 - Default ResourceManager initializing. (class org.apache.velocity.runtime.resource.ResourceManagerImpl)
2015-04-07 22:41:03,449 - Resource Loader Instantiated: org.apache.velocity.runtime.resource.loader.ClasspathResourceLoader
2015-04-07 22:41:03,449 - ClasspathResourceLoader : initialization starting.
2015-04-07 22:41:03,449 - ClasspathResourceLoader : initialization complete.
2015-04-07 22:41:03,451 - ResourceCache : initialized. (class org.apache.velocity.runtime.resource.ResourceCacheImpl)
2015-04-07 22:41:03,451 - Default ResourceManager initialization complete.
2015-04-07 22:41:03,452 - Loaded System Directive: org.apache.velocity.runtime.directive.Literal
2015-04-07 22:41:03,453 - Loaded System Directive: org.apache.velocity.runtime.directive.Macro
2015-04-07 22:41:03,455 - Loaded System Directive: org.apache.velocity.runtime.directive.Parse
2015-04-07 22:41:03,456 - Loaded System Directive: org.apache.velocity.runtime.directive.Include
2015-04-07 22:41:03,456 - Loaded System Directive: org.apache.velocity.runtime.directive.Foreach
2015-04-07 22:41:03,474 - Created: 20 parsers.
2015-04-07 22:41:03,480 - Velocimacro : initialization starting.
2015-04-07 22:41:03,480 - Velocimacro : adding VMs from VM library template : VM_global_library.vm
2015-04-07 22:41:03,484 - ResourceManager : unable to find resource 'VM_global_library.vm' in any resource loader.
2015-04-07 22:41:03,485 - Velocimacro : error using  VM library template VM_global_library.vm : org.apache.velocity.exception.ResourceNotFoundException: Unable to find resource 'VM_global_library.vm'
2015-04-07 22:41:03,485 - Velocimacro :  VM library template macro registration complete.
2015-04-07 22:41:03,485 - Velocimacro : allowInline = true : VMs can be defined inline in templates
2015-04-07 22:41:03,485 - Velocimacro : allowInlineToOverride = false : VMs defined inline may NOT replace previous VM definitions
2015-04-07 22:41:03,485 - Velocimacro : allowInlineLocal = false : VMs defined inline will be  global in scope if allowed.
2015-04-07 22:41:03,485 - Velocimacro : messages on  : VM system will output logging messages
2015-04-07 22:41:03,485 - Velocimacro : autoload off  : VM system will not automatically reload global library macros
2015-04-07 22:41:03,485 - Velocimacro : initialization complete.
2015-04-07 22:41:03,485 - Velocity successfully started.
2015-04-07 22:49:46,454 - SimpleLog4JLogSystem initialized using logfile 'velocity.log'
2015-04-07 22:49:46,455 - ************************************************************** 
2015-04-07 22:49:46,455 - Starting Jakarta Velocity v1.4
2015-04-07 22:49:46,455 - RuntimeInstance initializing.
2015-04-07 22:49:46,455 - Default Properties File: org/apache/velocity/runtime/defaults/velocity.properties
2015-04-07 22:49:46,455 - Trying to use logger class org.apache.velocity.runtime.log.SimpleLog4JLogSystem
2015-04-07 22:49:46,455 - Using logger class org.apache.velocity.runtime.log.SimpleLog4JLogSystem
2015-04-07 22:49:46,457 - Default ResourceManager initializing. (class org.apache.velocity.runtime.resource.ResourceManagerImpl)
2015-04-07 22:49:46,458 - Resource Loader Instantiated: org.apache.velocity.runtime.resource.loader.ClasspathResourceLoader
2015-04-07 22:49:46,458 - ClasspathResourceLoader : initialization starting.
2015-04-07 22:49:46,459 - ClasspathResourceLoader : initialization complete.
2015-04-07 22:49:46,460 - ResourceCache : initialized. (class org.apache.velocity.runtime.resource.ResourceCacheImpl)
2015-04-07 22:49:46,460 - Default ResourceManager initialization complete.
2015-04-07 22:49:46,461 - Loaded System Directive: org.apache.velocity.runtime.directive.Literal
2015-04-07 22:49:46,462 - Loaded System Directive: org.apache.velocity.runtime.directive.Macro
2015-04-07 22:49:46,464 - Loaded System Directive: org.apache.velocity.runtime.directive.Parse
2015-04-07 22:49:46,465 - Loaded System Directive: org.apache.velocity.runtime.directive.Include
2015-04-07 22:49:46,465 - Loaded System Directive: org.apache.velocity.runtime.directive.Foreach
2015-04-07 22:49:46,483 - Created: 20 parsers.
2015-04-07 22:49:46,489 - Velocimacro : initialization starting.
2015-04-07 22:49:46,489 - Velocimacro : adding VMs from VM library template : VM_global_library.vm
2015-04-07 22:49:46,493 - ResourceManager : unable to find resource 'VM_global_library.vm' in any resource loader.
2015-04-07 22:49:46,494 - Velocimacro : error using  VM library template VM_global_library.vm : org.apache.velocity.exception.ResourceNotFoundException: Unable to find resource 'VM_global_library.vm'
2015-04-07 22:49:46,494 - Velocimacro :  VM library template macro registration complete.
2015-04-07 22:49:46,494 - Velocimacro : allowInline = true : VMs can be defined inline in templates
2015-04-07 22:49:46,494 - Velocimacro : allowInlineToOverride = false : VMs defined inline may NOT replace previous VM definitions
2015-04-07 22:49:46,494 - Velocimacro : allowInlineLocal = false : VMs defined inline will be  global in scope if allowed.
2015-04-07 22:49:46,494 - Velocimacro : messages on  : VM system will output logging messages
2015-04-07 22:49:46,494 - Velocimacro : autoload off  : VM system will not automatically reload global library macros
2015-04-07 22:49:46,494 - Velocimacro : initialization complete.
2015-04-07 22:49:46,494 - Velocity successfully started.
2015-04-07 22:51:46,070 - SimpleLog4JLogSystem initialized using logfile 'velocity.log'
2015-04-07 22:51:46,071 - ************************************************************** 
2015-04-07 22:51:46,071 - Starting Jakarta Velocity v1.4
2015-04-07 22:51:46,071 - RuntimeInstance initializing.
2015-04-07 22:51:46,071 - Default Properties File: org/apache/velocity/runtime/defaults/velocity.properties
2015-04-07 22:51:46,071 - Trying to use logger class org.apache.velocity.runtime.log.SimpleLog4JLogSystem
2015-04-07 22:51:46,071 - Using logger class org.apache.velocity.runtime.log.SimpleLog4JLogSystem
2015-04-07 22:51:46,073 - Default ResourceManager initializing. (class org.apache.velocity.runtime.resource.ResourceManagerImpl)
2015-04-07 22:51:46,074 - Resource Loader Instantiated: org.apache.velocity.runtime.resource.loader.ClasspathResourceLoader
2015-04-07 22:51:46,075 - ClasspathResourceLoader : initialization starting.
2015-04-07 22:51:46,075 - ClasspathResourceLoader : initialization complete.
2015-04-07 22:51:46,076 - ResourceCache : initialized. (class org.apache.velocity.runtime.resource.ResourceCacheImpl)
2015-04-07 22:51:46,076 - Default ResourceManager initialization complete.
2015-04-07 22:51:46,077 - Loaded System Directive: org.apache.velocity.runtime.directive.Literal
2015-04-07 22:51:46,078 - Loaded System Directive: org.apache.velocity.runtime.directive.Macro
2015-04-07 22:51:46,080 - Loaded System Directive: org.apache.velocity.runtime.directive.Parse
2015-04-07 22:51:46,081 - Loaded System Directive: org.apache.velocity.runtime.directive.Include
2015-04-07 22:51:46,081 - Loaded System Directive: org.apache.velocity.runtime.directive.Foreach
2015-04-07 22:51:46,099 - Created: 20 parsers.
2015-04-07 22:51:46,105 - Velocimacro : initialization starting.
2015-04-07 22:51:46,105 - Velocimacro : adding VMs from VM library template : VM_global_library.vm
2015-04-07 22:51:46,108 - ResourceManager : unable to find resource 'VM_global_library.vm' in any resource loader.
2015-04-07 22:51:46,108 - Velocimacro : error using  VM library template VM_global_library.vm : org.apache.velocity.exception.ResourceNotFoundException: Unable to find resource 'VM_global_library.vm'
2015-04-07 22:51:46,108 - Velocimacro :  VM library template macro registration complete.
2015-04-07 22:51:46,108 - Velocimacro : allowInline = true : VMs can be defined inline in templates
2015-04-07 22:51:46,108 - Velocimacro : allowInlineToOverride = false : VMs defined inline may NOT replace previous VM definitions
2015-04-07 22:51:46,108 - Velocimacro : allowInlineLocal = false : VMs defined inline will be  global in scope if allowed.
2015-04-07 22:51:46,108 - Velocimacro : messages on  : VM system will output logging messages
2015-04-07 22:51:46,108 - Velocimacro : autoload off  : VM system will not automatically reload global library macros
2015-04-07 22:51:46,108 - Velocimacro : initialization complete.
2015-04-07 22:51:46,108 - Velocity successfully started.
2015-04-07 22:53:34,427 - ResourceManager : found repast/simphony/scenario/Scenario.vt with loader org.apache.velocity.runtime.resource.loader.ClasspathResourceLoader
2015-04-07 22:57:46,638 - SimpleLog4JLogSystem initialized using logfile 'velocity.log'
2015-04-07 22:57:46,638 - ************************************************************** 
2015-04-07 22:57:46,638 - Starting Jakarta Velocity v1.4
2015-04-07 22:57:46,638 - RuntimeInstance initializing.
2015-04-07 22:57:46,638 - Default Properties File: org/apache/velocity/runtime/defaults/velocity.properties
2015-04-07 22:57:46,638 - Trying to use logger class org.apache.velocity.runtime.log.SimpleLog4JLogSystem
2015-04-07 22:57:46,638 - Using logger class org.apache.velocity.runtime.log.SimpleLog4JLogSystem
2015-04-07 22:57:46,640 - Default ResourceManager initializing. (class org.apache.velocity.runtime.resource.ResourceManagerImpl)
2015-04-07 22:57:46,642 - Resource Loader Instantiated: org.apache.velocity.runtime.resource.loader.ClasspathResourceLoader
2015-04-07 22:57:46,642 - ClasspathResourceLoader : initialization starting.
2015-04-07 22:57:46,642 - ClasspathResourceLoader : initialization complete.
2015-04-07 22:57:46,643 - ResourceCache : initialized. (class org.apache.velocity.runtime.resource.ResourceCacheImpl)
2015-04-07 22:57:46,643 - Default ResourceManager initialization complete.
2015-04-07 22:57:46,644 - Loaded System Directive: org.apache.velocity.runtime.directive.Literal
2015-04-07 22:57:46,645 - Loaded System Directive: org.apache.velocity.runtime.directive.Macro
2015-04-07 22:57:46,647 - Loaded System Directive: org.apache.velocity.runtime.directive.Parse
2015-04-07 22:57:46,648 - Loaded System Directive: org.apache.velocity.runtime.directive.Include
2015-04-07 22:57:46,649 - Loaded System Directive: org.apache.velocity.runtime.directive.Foreach
2015-04-07 22:57:46,667 - Created: 20 parsers.
2015-04-07 22:57:46,672 - Velocimacro : initialization starting.
2015-04-07 22:57:46,672 - Velocimacro : adding VMs from VM library template : VM_global_library.vm
2015-04-07 22:57:46,675 - ResourceManager : unable to find resource 'VM_global_library.vm' in any resource loader.
2015-04-07 22:57:46,675 - Velocimacro : error using  VM library template VM_global_library.vm : org.apache.velocity.exception.ResourceNotFoundException: Unable to find resource 'VM_global_library.vm'
2015-04-07 22:57:46,675 - Velocimacro :  VM library template macro registration complete.
2015-04-07 22:57:46,675 - Velocimacro : allowInline = true : VMs can be defined inline in templates
2015-04-07 22:57:46,675 - Velocimacro : allowInlineToOverride = false : VMs defined inline may NOT replace previous VM definitions
2015-04-07 22:57:46,675 - Velocimacro : allowInlineLocal = false : VMs defined inline will be  global in scope if allowed.
2015-04-07 22:57:46,675 - Velocimacro : messages on  : VM system will output logging messages
2015-04-07 22:57:46,675 - Velocimacro : autoload off  : VM system will not automatically reload global library macros
2015-04-07 22:57:46,675 - Velocimacro : initialization complete.
2015-04-07 22:57:46,675 - Velocity successfully started.
2015-04-07 23:04:58,902 - SimpleLog4JLogSystem initialized using logfile 'velocity.log'
2015-04-07 23:04:58,902 - ************************************************************** 
2015-04-07 23:04:58,902 - Starting Jakarta Velocity v1.4
2015-04-07 23:04:58,902 - RuntimeInstance initializing.
2015-04-07 23:04:58,902 - Default Properties File: org/apache/velocity/runtime/defaults/velocity.properties
2015-04-07 23:04:58,902 - Trying to use logger class org.apache.velocity.runtime.log.SimpleLog4JLogSystem
2015-04-07 23:04:58,902 - Using logger class org.apache.velocity.runtime.log.SimpleLog4JLogSystem
2015-04-07 23:04:58,904 - Default ResourceManager initializing. (class org.apache.velocity.runtime.resource.ResourceManagerImpl)
2015-04-07 23:04:58,906 - Resource Loader Instantiated: org.apache.velocity.runtime.resource.loader.ClasspathResourceLoader
2015-04-07 23:04:58,906 - ClasspathResourceLoader : initialization starting.
2015-04-07 23:04:58,906 - ClasspathResourceLoader : initialization complete.
2015-04-07 23:04:58,907 - ResourceCache : initialized. (class org.apache.velocity.runtime.resource.ResourceCacheImpl)
2015-04-07 23:04:58,907 - Default ResourceManager initialization complete.
2015-04-07 23:04:58,908 - Loaded System Directive: org.apache.velocity.runtime.directive.Literal
2015-04-07 23:04:58,910 - Loaded System Directive: org.apache.velocity.runtime.directive.Macro
2015-04-07 23:04:58,912 - Loaded System Directive: org.apache.velocity.runtime.directive.Parse
2015-04-07 23:04:58,913 - Loaded System Directive: org.apache.velocity.runtime.directive.Include
2015-04-07 23:04:58,914 - Loaded System Directive: org.apache.velocity.runtime.directive.Foreach
2015-04-07 23:04:58,931 - Created: 20 parsers.
2015-04-07 23:04:58,937 - Velocimacro : initialization starting.
2015-04-07 23:04:58,937 - Velocimacro : adding VMs from VM library template : VM_global_library.vm
2015-04-07 23:04:58,942 - ResourceManager : unable to find resource 'VM_global_library.vm' in any resource loader.
2015-04-07 23:04:58,942 - Velocimacro : error using  VM library template VM_global_library.vm : org.apache.velocity.exception.ResourceNotFoundException: Unable to find resource 'VM_global_library.vm'
2015-04-07 23:04:58,942 - Velocimacro :  VM library template macro registration complete.
2015-04-07 23:04:58,942 - Velocimacro : allowInline = true : VMs can be defined inline in templates
2015-04-07 23:04:58,942 - Velocimacro : allowInlineToOverride = false : VMs defined inline may NOT replace previous VM definitions
2015-04-07 23:04:58,942 - Velocimacro : allowInlineLocal = false : VMs defined inline will be  global in scope if allowed.
2015-04-07 23:04:58,943 - Velocimacro : messages on  : VM system will output logging messages
2015-04-07 23:04:58,943 - Velocimacro : autoload off  : VM system will not automatically reload global library macros
2015-04-07 23:04:58,943 - Velocimacro : initialization complete.
2015-04-07 23:04:58,943 - Velocity successfully started.
2015-04-07 23:10:59,014 - SimpleLog4JLogSystem initialized using logfile 'velocity.log'
2015-04-07 23:10:59,015 - ************************************************************** 
2015-04-07 23:10:59,015 - Starting Jakarta Velocity v1.4
2015-04-07 23:10:59,015 - RuntimeInstance initializing.
2015-04-07 23:10:59,015 - Default Properties File: org/apache/velocity/runtime/defaults/velocity.properties
2015-04-07 23:10:59,015 - Trying to use logger class org.apache.velocity.runtime.log.SimpleLog4JLogSystem
2015-04-07 23:10:59,015 - Using logger class org.apache.velocity.runtime.log.SimpleLog4JLogSystem
2015-04-07 23:10:59,017 - Default ResourceManager initializing. (class org.apache.velocity.runtime.resource.ResourceManagerImpl)
2015-04-07 23:10:59,019 - Resource Loader Instantiated: org.apache.velocity.runtime.resource.loader.ClasspathResourceLoader
2015-04-07 23:10:59,019 - ClasspathResourceLoader : initialization starting.
2015-04-07 23:10:59,019 - ClasspathResourceLoader : initialization complete.
2015-04-07 23:10:59,020 - ResourceCache : initialized. (class org.apache.velocity.runtime.resource.ResourceCacheImpl)
2015-04-07 23:10:59,020 - Default ResourceManager initialization complete.
2015-04-07 23:10:59,021 - Loaded System Directive: org.apache.velocity.runtime.directive.Literal
2015-04-07 23:10:59,022 - Loaded System Directive: org.apache.velocity.runtime.directive.Macro
2015-04-07 23:10:59,024 - Loaded System Directive: org.apache.velocity.runtime.directive.Parse
2015-04-07 23:10:59,025 - Loaded System Directive: org.apache.velocity.runtime.directive.Include
2015-04-07 23:10:59,026 - Loaded System Directive: org.apache.velocity.runtime.directive.Foreach
2015-04-07 23:10:59,043 - Created: 20 parsers.
2015-04-07 23:10:59,049 - Velocimacro : initialization starting.
2015-04-07 23:10:59,049 - Velocimacro : adding VMs from VM library template : VM_global_library.vm
2015-04-07 23:10:59,054 - ResourceManager : unable to find resource 'VM_global_library.vm' in any resource loader.
2015-04-07 23:10:59,054 - Velocimacro : error using  VM library template VM_global_library.vm : org.apache.velocity.exception.ResourceNotFoundException: Unable to find resource 'VM_global_library.vm'
2015-04-07 23:10:59,054 - Velocimacro :  VM library template macro registration complete.
2015-04-07 23:10:59,054 - Velocimacro : allowInline = true : VMs can be defined inline in templates
2015-04-07 23:10:59,054 - Velocimacro : allowInlineToOverride = false : VMs defined inline may NOT replace previous VM definitions
2015-04-07 23:10:59,054 - Velocimacro : allowInlineLocal = false : VMs defined inline will be  global in scope if allowed.
2015-04-07 23:10:59,054 - Velocimacro : messages on  : VM system will output logging messages
2015-04-07 23:10:59,054 - Velocimacro : autoload off  : VM system will not automatically reload global library macros
2015-04-07 23:10:59,054 - Velocimacro : initialization complete.
2015-04-07 23:10:59,054 - Velocity successfully started.
2015-04-07 23:11:34,288 - ResourceManager : found repast/simphony/scenario/Scenario.vt with loader org.apache.velocity.runtime.resource.loader.ClasspathResourceLoader
2015-04-07 23:16:57,339 - SimpleLog4JLogSystem initialized using logfile 'velocity.log'
2015-04-07 23:16:57,339 - ************************************************************** 
2015-04-07 23:16:57,339 - Starting Jakarta Velocity v1.4
2015-04-07 23:16:57,339 - RuntimeInstance initializing.
2015-04-07 23:16:57,339 - Default Properties File: org/apache/velocity/runtime/defaults/velocity.properties
2015-04-07 23:16:57,339 - Trying to use logger class org.apache.velocity.runtime.log.SimpleLog4JLogSystem
2015-04-07 23:16:57,339 - Using logger class org.apache.velocity.runtime.log.SimpleLog4JLogSystem
2015-04-07 23:16:57,341 - Default ResourceManager initializing. (class org.apache.velocity.runtime.resource.ResourceManagerImpl)
2015-04-07 23:16:57,342 - Resource Loader Instantiated: org.apache.velocity.runtime.resource.loader.ClasspathResourceLoader
2015-04-07 23:16:57,343 - ClasspathResourceLoader : initialization starting.
2015-04-07 23:16:57,343 - ClasspathResourceLoader : initialization complete.
2015-04-07 23:16:57,344 - ResourceCache : initialized. (class org.apache.velocity.runtime.resource.ResourceCacheImpl)
2015-04-07 23:16:57,344 - Default ResourceManager initialization complete.
2015-04-07 23:16:57,345 - Loaded System Directive: org.apache.velocity.runtime.directive.Literal
2015-04-07 23:16:57,346 - Loaded System Directive: org.apache.velocity.runtime.directive.Macro
2015-04-07 23:16:57,349 - Loaded System Directive: org.apache.velocity.runtime.directive.Parse
2015-04-07 23:16:57,350 - Loaded System Directive: org.apache.velocity.runtime.directive.Include
2015-04-07 23:16:57,351 - Loaded System Directive: org.apache.velocity.runtime.directive.Foreach
2015-04-07 23:16:57,368 - Created: 20 parsers.
2015-04-07 23:16:57,374 - Velocimacro : initialization starting.
2015-04-07 23:16:57,374 - Velocimacro : adding VMs from VM library template : VM_global_library.vm
2015-04-07 23:16:57,379 - ResourceManager : unable to find resource 'VM_global_library.vm' in any resource loader.
2015-04-07 23:16:57,379 - Velocimacro : error using  VM library template VM_global_library.vm : org.apache.velocity.exception.ResourceNotFoundException: Unable to find resource 'VM_global_library.vm'
2015-04-07 23:16:57,379 - Velocimacro :  VM library template macro registration complete.
2015-04-07 23:16:57,379 - Velocimacro : allowInline = true : VMs can be defined inline in templates
2015-04-07 23:16:57,379 - Velocimacro : allowInlineToOverride = false : VMs defined inline may NOT replace previous VM definitions
2015-04-07 23:16:57,379 - Velocimacro : allowInlineLocal = false : VMs defined inline will be  global in scope if allowed.
2015-04-07 23:16:57,379 - Velocimacro : messages on  : VM system will output logging messages
2015-04-07 23:16:57,379 - Velocimacro : autoload off  : VM system will not automatically reload global library macros
2015-04-07 23:16:57,379 - Velocimacro : initialization complete.
2015-04-07 23:16:57,379 - Velocity successfully started.
2015-04-07 23:17:45,217 - SimpleLog4JLogSystem initialized using logfile 'velocity.log'
2015-04-07 23:17:45,217 - ************************************************************** 
2015-04-07 23:17:45,217 - Starting Jakarta Velocity v1.4
2015-04-07 23:17:45,217 - RuntimeInstance initializing.
2015-04-07 23:17:45,217 - Default Properties File: org/apache/velocity/runtime/defaults/velocity.properties
2015-04-07 23:17:45,217 - Trying to use logger class org.apache.velocity.runtime.log.SimpleLog4JLogSystem
2015-04-07 23:17:45,217 - Using logger class org.apache.velocity.runtime.log.SimpleLog4JLogSystem
2015-04-07 23:17:45,219 - Default ResourceManager initializing. (class org.apache.velocity.runtime.resource.ResourceManagerImpl)
2015-04-07 23:17:45,221 - Resource Loader Instantiated: org.apache.velocity.runtime.resource.loader.ClasspathResourceLoader
2015-04-07 23:17:45,221 - ClasspathResourceLoader : initialization starting.
2015-04-07 23:17:45,221 - ClasspathResourceLoader : initialization complete.
2015-04-07 23:17:45,222 - ResourceCache : initialized. (class org.apache.velocity.runtime.resource.ResourceCacheImpl)
2015-04-07 23:17:45,222 - Default ResourceManager initialization complete.
2015-04-07 23:17:45,223 - Loaded System Directive: org.apache.velocity.runtime.directive.Literal
2015-04-07 23:17:45,225 - Loaded System Directive: org.apache.velocity.runtime.directive.Macro
2015-04-07 23:17:45,226 - Loaded System Directive: org.apache.velocity.runtime.directive.Parse
2015-04-07 23:17:45,227 - Loaded System Directive: org.apache.velocity.runtime.directive.Include
2015-04-07 23:17:45,228 - Loaded System Directive: org.apache.velocity.runtime.directive.Foreach
2015-04-07 23:17:45,245 - Created: 20 parsers.
2015-04-07 23:17:45,251 - Velocimacro : initialization starting.
2015-04-07 23:17:45,251 - Velocimacro : adding VMs from VM library template : VM_global_library.vm
2015-04-07 23:17:45,254 - ResourceManager : unable to find resource 'VM_global_library.vm' in any resource loader.
2015-04-07 23:17:45,254 - Velocimacro : error using  VM library template VM_global_library.vm : org.apache.velocity.exception.ResourceNotFoundException: Unable to find resource 'VM_global_library.vm'
2015-04-07 23:17:45,254 - Velocimacro :  VM library template macro registration complete.
2015-04-07 23:17:45,254 - Velocimacro : allowInline = true : VMs can be defined inline in templates
2015-04-07 23:17:45,254 - Velocimacro : allowInlineToOverride = false : VMs defined inline may NOT replace previous VM definitions
2015-04-07 23:17:45,254 - Velocimacro : allowInlineLocal = false : VMs defined inline will be  global in scope if allowed.
2015-04-07 23:17:45,254 - Velocimacro : messages on  : VM system will output logging messages
2015-04-07 23:17:45,254 - Velocimacro : autoload off  : VM system will not automatically reload global library macros
2015-04-07 23:17:45,254 - Velocimacro : initialization complete.
2015-04-07 23:17:45,254 - Velocity successfully started.
2015-04-07 23:19:09,365 - SimpleLog4JLogSystem initialized using logfile 'velocity.log'
2015-04-07 23:19:09,365 - ************************************************************** 
2015-04-07 23:19:09,365 - Starting Jakarta Velocity v1.4
2015-04-07 23:19:09,365 - RuntimeInstance initializing.
2015-04-07 23:19:09,365 - Default Properties File: org/apache/velocity/runtime/defaults/velocity.properties
2015-04-07 23:19:09,365 - Trying to use logger class org.apache.velocity.runtime.log.SimpleLog4JLogSystem
2015-04-07 23:19:09,365 - Using logger class org.apache.velocity.runtime.log.SimpleLog4JLogSystem
2015-04-07 23:19:09,367 - Default ResourceManager initializing. (class org.apache.velocity.runtime.resource.ResourceManagerImpl)
2015-04-07 23:19:09,369 - Resource Loader Instantiated: org.apache.velocity.runtime.resource.loader.ClasspathResourceLoader
2015-04-07 23:19:09,369 - ClasspathResourceLoader : initialization starting.
2015-04-07 23:19:09,369 - ClasspathResourceLoader : initialization complete.
2015-04-07 23:19:09,370 - ResourceCache : initialized. (class org.apache.velocity.runtime.resource.ResourceCacheImpl)
2015-04-07 23:19:09,370 - Default ResourceManager initialization complete.
2015-04-07 23:19:09,371 - Loaded System Directive: org.apache.velocity.runtime.directive.Literal
2015-04-07 23:19:09,372 - Loaded System Directive: org.apache.velocity.runtime.directive.Macro
2015-04-07 23:19:09,374 - Loaded System Directive: org.apache.velocity.runtime.directive.Parse
2015-04-07 23:19:09,375 - Loaded System Directive: org.apache.velocity.runtime.directive.Include
2015-04-07 23:19:09,376 - Loaded System Directive: org.apache.velocity.runtime.directive.Foreach
2015-04-07 23:19:09,393 - Created: 20 parsers.
2015-04-07 23:19:09,398 - Velocimacro : initialization starting.
2015-04-07 23:19:09,398 - Velocimacro : adding VMs from VM library template : VM_global_library.vm
2015-04-07 23:19:09,401 - ResourceManager : unable to find resource 'VM_global_library.vm' in any resource loader.
2015-04-07 23:19:09,401 - Velocimacro : error using  VM library template VM_global_library.vm : org.apache.velocity.exception.ResourceNotFoundException: Unable to find resource 'VM_global_library.vm'
2015-04-07 23:19:09,401 - Velocimacro :  VM library template macro registration complete.
2015-04-07 23:19:09,401 - Velocimacro : allowInline = true : VMs can be defined inline in templates
2015-04-07 23:19:09,402 - Velocimacro : allowInlineToOverride = false : VMs defined inline may NOT replace previous VM definitions
2015-04-07 23:19:09,402 - Velocimacro : allowInlineLocal = false : VMs defined inline will be  global in scope if allowed.
2015-04-07 23:19:09,402 - Velocimacro : messages on  : VM system will output logging messages
2015-04-07 23:19:09,402 - Velocimacro : autoload off  : VM system will not automatically reload global library macros
2015-04-07 23:19:09,402 - Velocimacro : initialization complete.
2015-04-07 23:19:09,402 - Velocity successfully started.
2015-04-07 23:42:19,685 - SimpleLog4JLogSystem initialized using logfile 'velocity.log'
2015-04-07 23:42:19,685 - ************************************************************** 
2015-04-07 23:42:19,685 - Starting Jakarta Velocity v1.4
2015-04-07 23:42:19,685 - RuntimeInstance initializing.
2015-04-07 23:42:19,685 - Default Properties File: org/apache/velocity/runtime/defaults/velocity.properties
2015-04-07 23:42:19,685 - Trying to use logger class org.apache.velocity.runtime.log.SimpleLog4JLogSystem
2015-04-07 23:42:19,685 - Using logger class org.apache.velocity.runtime.log.SimpleLog4JLogSystem
2015-04-07 23:42:19,687 - Default ResourceManager initializing. (class org.apache.velocity.runtime.resource.ResourceManagerImpl)
2015-04-07 23:42:19,689 - Resource Loader Instantiated: org.apache.velocity.runtime.resource.loader.ClasspathResourceLoader
2015-04-07 23:42:19,689 - ClasspathResourceLoader : initialization starting.
2015-04-07 23:42:19,689 - ClasspathResourceLoader : initialization complete.
2015-04-07 23:42:19,690 - ResourceCache : initialized. (class org.apache.velocity.runtime.resource.ResourceCacheImpl)
2015-04-07 23:42:19,690 - Default ResourceManager initialization complete.
2015-04-07 23:42:19,691 - Loaded System Directive: org.apache.velocity.runtime.directive.Literal
2015-04-07 23:42:19,693 - Loaded System Directive: org.apache.velocity.runtime.directive.Macro
2015-04-07 23:42:19,696 - Loaded System Directive: org.apache.velocity.runtime.directive.Parse
2015-04-07 23:42:19,697 - Loaded System Directive: org.apache.velocity.runtime.directive.Include
2015-04-07 23:42:19,698 - Loaded System Directive: org.apache.velocity.runtime.directive.Foreach
2015-04-07 23:42:19,715 - Created: 20 parsers.
2015-04-07 23:42:19,721 - Velocimacro : initialization starting.
2015-04-07 23:42:19,721 - Velocimacro : adding VMs from VM library template : VM_global_library.vm
2015-04-07 23:42:19,726 - ResourceManager : unable to find resource 'VM_global_library.vm' in any resource loader.
2015-04-07 23:42:19,726 - Velocimacro : error using  VM library template VM_global_library.vm : org.apache.velocity.exception.ResourceNotFoundException: Unable to find resource 'VM_global_library.vm'
2015-04-07 23:42:19,726 - Velocimacro :  VM library template macro registration complete.
2015-04-07 23:42:19,726 - Velocimacro : allowInline = true : VMs can be defined inline in templates
2015-04-07 23:42:19,726 - Velocimacro : allowInlineToOverride = false : VMs defined inline may NOT replace previous VM definitions
2015-04-07 23:42:19,726 - Velocimacro : allowInlineLocal = false : VMs defined inline will be  global in scope if allowed.
2015-04-07 23:42:19,726 - Velocimacro : messages on  : VM system will output logging messages
2015-04-07 23:42:19,727 - Velocimacro : autoload off  : VM system will not automatically reload global library macros
2015-04-07 23:42:19,727 - Velocimacro : initialization complete.
2015-04-07 23:42:19,727 - Velocity successfully started.
2015-04-07 23:45:04,334 - SimpleLog4JLogSystem initialized using logfile 'velocity.log'
2015-04-07 23:45:04,334 - ************************************************************** 
2015-04-07 23:45:04,334 - Starting Jakarta Velocity v1.4
2015-04-07 23:45:04,334 - RuntimeInstance initializing.
2015-04-07 23:45:04,334 - Default Properties File: org/apache/velocity/runtime/defaults/velocity.properties
2015-04-07 23:45:04,334 - Trying to use logger class org.apache.velocity.runtime.log.SimpleLog4JLogSystem
2015-04-07 23:45:04,334 - Using logger class org.apache.velocity.runtime.log.SimpleLog4JLogSystem
2015-04-07 23:45:04,336 - Default ResourceManager initializing. (class org.apache.velocity.runtime.resource.ResourceManagerImpl)
2015-04-07 23:45:04,337 - Resource Loader Instantiated: org.apache.velocity.runtime.resource.loader.ClasspathResourceLoader
2015-04-07 23:45:04,338 - ClasspathResourceLoader : initialization starting.
2015-04-07 23:45:04,338 - ClasspathResourceLoader : initialization complete.
2015-04-07 23:45:04,339 - ResourceCache : initialized. (class org.apache.velocity.runtime.resource.ResourceCacheImpl)
2015-04-07 23:45:04,339 - Default ResourceManager initialization complete.
2015-04-07 23:45:04,340 - Loaded System Directive: org.apache.velocity.runtime.directive.Literal
2015-04-07 23:45:04,342 - Loaded System Directive: org.apache.velocity.runtime.directive.Macro
2015-04-07 23:45:04,344 - Loaded System Directive: org.apache.velocity.runtime.directive.Parse
2015-04-07 23:45:04,345 - Loaded System Directive: org.apache.velocity.runtime.directive.Include
2015-04-07 23:45:04,346 - Loaded System Directive: org.apache.velocity.runtime.directive.Foreach
2015-04-07 23:45:04,363 - Created: 20 parsers.
2015-04-07 23:45:04,369 - Velocimacro : initialization starting.
2015-04-07 23:45:04,369 - Velocimacro : adding VMs from VM library template : VM_global_library.vm
2015-04-07 23:45:04,374 - ResourceManager : unable to find resource 'VM_global_library.vm' in any resource loader.
2015-04-07 23:45:04,374 - Velocimacro : error using  VM library template VM_global_library.vm : org.apache.velocity.exception.ResourceNotFoundException: Unable to find resource 'VM_global_library.vm'
2015-04-07 23:45:04,374 - Velocimacro :  VM library template macro registration complete.
2015-04-07 23:45:04,374 - Velocimacro : allowInline = true : VMs can be defined inline in templates
2015-04-07 23:45:04,375 - Velocimacro : allowInlineToOverride = false : VMs defined inline may NOT replace previous VM definitions
2015-04-07 23:45:04,375 - Velocimacro : allowInlineLocal = false : VMs defined inline will be  global in scope if allowed.
2015-04-07 23:45:04,375 - Velocimacro : messages on  : VM system will output logging messages
2015-04-07 23:45:04,375 - Velocimacro : autoload off  : VM system will not automatically reload global library macros
2015-04-07 23:45:04,375 - Velocimacro : initialization complete.
2015-04-07 23:45:04,375 - Velocity successfully started.
2015-04-07 23:46:49,022 - ResourceManager : found repast/simphony/scenario/Scenario.vt with loader org.apache.velocity.runtime.resource.loader.ClasspathResourceLoader
2015-04-07 23:47:13,946 - SimpleLog4JLogSystem initialized using logfile 'velocity.log'
2015-04-07 23:47:13,946 - ************************************************************** 
2015-04-07 23:47:13,946 - Starting Jakarta Velocity v1.4
2015-04-07 23:47:13,946 - RuntimeInstance initializing.
2015-04-07 23:47:13,946 - Default Properties File: org/apache/velocity/runtime/defaults/velocity.properties
2015-04-07 23:47:13,946 - Trying to use logger class org.apache.velocity.runtime.log.SimpleLog4JLogSystem
2015-04-07 23:47:13,946 - Using logger class org.apache.velocity.runtime.log.SimpleLog4JLogSystem
2015-04-07 23:47:13,948 - Default ResourceManager initializing. (class org.apache.velocity.runtime.resource.ResourceManagerImpl)
2015-04-07 23:47:13,950 - Resource Loader Instantiated: org.apache.velocity.runtime.resource.loader.ClasspathResourceLoader
2015-04-07 23:47:13,950 - ClasspathResourceLoader : initialization starting.
2015-04-07 23:47:13,950 - ClasspathResourceLoader : initialization complete.
2015-04-07 23:47:13,951 - ResourceCache : initialized. (class org.apache.velocity.runtime.resource.ResourceCacheImpl)
2015-04-07 23:47:13,951 - Default ResourceManager initialization complete.
2015-04-07 23:47:13,952 - Loaded System Directive: org.apache.velocity.runtime.directive.Literal
2015-04-07 23:47:13,953 - Loaded System Directive: org.apache.velocity.runtime.directive.Macro
2015-04-07 23:47:13,955 - Loaded System Directive: org.apache.velocity.runtime.directive.Parse
2015-04-07 23:47:13,956 - Loaded System Directive: org.apache.velocity.runtime.directive.Include
2015-04-07 23:47:13,957 - Loaded System Directive: org.apache.velocity.runtime.directive.Foreach
2015-04-07 23:47:13,974 - Created: 20 parsers.
2015-04-07 23:47:13,980 - Velocimacro : initialization starting.
2015-04-07 23:47:13,980 - Velocimacro : adding VMs from VM library template : VM_global_library.vm
2015-04-07 23:47:13,985 - ResourceManager : unable to find resource 'VM_global_library.vm' in any resource loader.
2015-04-07 23:47:13,985 - Velocimacro : error using  VM library template VM_global_library.vm : org.apache.velocity.exception.ResourceNotFoundException: Unable to find resource 'VM_global_library.vm'
2015-04-07 23:47:13,985 - Velocimacro :  VM library template macro registration complete.
2015-04-07 23:47:13,985 - Velocimacro : allowInline = true : VMs can be defined inline in templates
2015-04-07 23:47:13,985 - Velocimacro : allowInlineToOverride = false : VMs defined inline may NOT replace previous VM definitions
2015-04-07 23:47:13,986 - Velocimacro : allowInlineLocal = false : VMs defined inline will be  global in scope if allowed.
2015-04-07 23:47:13,986 - Velocimacro : messages on  : VM system will output logging messages
2015-04-07 23:47:13,986 - Velocimacro : autoload off  : VM system will not automatically reload global library macros
2015-04-07 23:47:13,986 - Velocimacro : initialization complete.
2015-04-07 23:47:13,986 - Velocity successfully started.
2015-04-07 23:50:16,006 - ResourceManager : found repast/simphony/scenario/Scenario.vt with loader org.apache.velocity.runtime.resource.loader.ClasspathResourceLoader
2015-04-07 23:52:17,579 - SimpleLog4JLogSystem initialized using logfile 'velocity.log'
2015-04-07 23:52:17,579 - ************************************************************** 
2015-04-07 23:52:17,579 - Starting Jakarta Velocity v1.4
2015-04-07 23:52:17,579 - RuntimeInstance initializing.
2015-04-07 23:52:17,579 - Default Properties File: org/apache/velocity/runtime/defaults/velocity.properties
2015-04-07 23:52:17,579 - Trying to use logger class org.apache.velocity.runtime.log.SimpleLog4JLogSystem
2015-04-07 23:52:17,579 - Using logger class org.apache.velocity.runtime.log.SimpleLog4JLogSystem
2015-04-07 23:52:17,581 - Default ResourceManager initializing. (class org.apache.velocity.runtime.resource.ResourceManagerImpl)
2015-04-07 23:52:17,583 - Resource Loader Instantiated: org.apache.velocity.runtime.resource.loader.ClasspathResourceLoader
2015-04-07 23:52:17,583 - ClasspathResourceLoader : initialization starting.
2015-04-07 23:52:17,583 - ClasspathResourceLoader : initialization complete.
2015-04-07 23:52:17,584 - ResourceCache : initialized. (class org.apache.velocity.runtime.resource.ResourceCacheImpl)
2015-04-07 23:52:17,584 - Default ResourceManager initialization complete.
2015-04-07 23:52:17,585 - Loaded System Directive: org.apache.velocity.runtime.directive.Literal
2015-04-07 23:52:17,586 - Loaded System Directive: org.apache.velocity.runtime.directive.Macro
2015-04-07 23:52:17,588 - Loaded System Directive: org.apache.velocity.runtime.directive.Parse
2015-04-07 23:52:17,589 - Loaded System Directive: org.apache.velocity.runtime.directive.Include
2015-04-07 23:52:17,590 - Loaded System Directive: org.apache.velocity.runtime.directive.Foreach
2015-04-07 23:52:17,608 - Created: 20 parsers.
2015-04-07 23:52:17,613 - Velocimacro : initialization starting.
2015-04-07 23:52:17,613 - Velocimacro : adding VMs from VM library template : VM_global_library.vm
2015-04-07 23:52:17,616 - ResourceManager : unable to find resource 'VM_global_library.vm' in any resource loader.
2015-04-07 23:52:17,616 - Velocimacro : error using  VM library template VM_global_library.vm : org.apache.velocity.exception.ResourceNotFoundException: Unable to find resource 'VM_global_library.vm'
2015-04-07 23:52:17,616 - Velocimacro :  VM library template macro registration complete.
2015-04-07 23:52:17,616 - Velocimacro : allowInline = true : VMs can be defined inline in templates
2015-04-07 23:52:17,616 - Velocimacro : allowInlineToOverride = false : VMs defined inline may NOT replace previous VM definitions
2015-04-07 23:52:17,616 - Velocimacro : allowInlineLocal = false : VMs defined inline will be  global in scope if allowed.
2015-04-07 23:52:17,616 - Velocimacro : messages on  : VM system will output logging messages
2015-04-07 23:52:17,616 - Velocimacro : autoload off  : VM system will not automatically reload global library macros
2015-04-07 23:52:17,616 - Velocimacro : initialization complete.
2015-04-07 23:52:17,616 - Velocity successfully started.
2015-04-07 23:53:51,489 - SimpleLog4JLogSystem initialized using logfile 'velocity.log'
2015-04-07 23:53:51,489 - ************************************************************** 
2015-04-07 23:53:51,489 - Starting Jakarta Velocity v1.4
2015-04-07 23:53:51,489 - RuntimeInstance initializing.
2015-04-07 23:53:51,489 - Default Properties File: org/apache/velocity/runtime/defaults/velocity.properties
2015-04-07 23:53:51,489 - Trying to use logger class org.apache.velocity.runtime.log.SimpleLog4JLogSystem
2015-04-07 23:53:51,489 - Using logger class org.apache.velocity.runtime.log.SimpleLog4JLogSystem
2015-04-07 23:53:51,491 - Default ResourceManager initializing. (class org.apache.velocity.runtime.resource.ResourceManagerImpl)
2015-04-07 23:53:51,492 - Resource Loader Instantiated: org.apache.velocity.runtime.resource.loader.ClasspathResourceLoader
2015-04-07 23:53:51,493 - ClasspathResourceLoader : initialization starting.
2015-04-07 23:53:51,493 - ClasspathResourceLoader : initialization complete.
2015-04-07 23:53:51,494 - ResourceCache : initialized. (class org.apache.velocity.runtime.resource.ResourceCacheImpl)
2015-04-07 23:53:51,494 - Default ResourceManager initialization complete.
2015-04-07 23:53:51,495 - Loaded System Directive: org.apache.velocity.runtime.directive.Literal
2015-04-07 23:53:51,497 - Loaded System Directive: org.apache.velocity.runtime.directive.Macro
2015-04-07 23:53:51,499 - Loaded System Directive: org.apache.velocity.runtime.directive.Parse
2015-04-07 23:53:51,500 - Loaded System Directive: org.apache.velocity.runtime.directive.Include
2015-04-07 23:53:51,501 - Loaded System Directive: org.apache.velocity.runtime.directive.Foreach
2015-04-07 23:53:51,518 - Created: 20 parsers.
2015-04-07 23:53:51,525 - Velocimacro : initialization starting.
2015-04-07 23:53:51,525 - Velocimacro : adding VMs from VM library template : VM_global_library.vm
2015-04-07 23:53:51,528 - ResourceManager : unable to find resource 'VM_global_library.vm' in any resource loader.
2015-04-07 23:53:51,529 - Velocimacro : error using  VM library template VM_global_library.vm : org.apache.velocity.exception.ResourceNotFoundException: Unable to find resource 'VM_global_library.vm'
2015-04-07 23:53:51,529 - Velocimacro :  VM library template macro registration complete.
2015-04-07 23:53:51,529 - Velocimacro : allowInline = true : VMs can be defined inline in templates
2015-04-07 23:53:51,529 - Velocimacro : allowInlineToOverride = false : VMs defined inline may NOT replace previous VM definitions
2015-04-07 23:53:51,529 - Velocimacro : allowInlineLocal = false : VMs defined inline will be  global in scope if allowed.
2015-04-07 23:53:51,529 - Velocimacro : messages on  : VM system will output logging messages
2015-04-07 23:53:51,529 - Velocimacro : autoload off  : VM system will not automatically reload global library macros
2015-04-07 23:53:51,529 - Velocimacro : initialization complete.
2015-04-07 23:53:51,529 - Velocity successfully started.
